[0m23:02:45.695715 [debug] [MainThread]: Sending event: {'category': 'dbt', 'action': 'invocation', 'label': 'start', 'context': [<snowplow_tracker.self_describing_json.SelfDescribingJson object at 0x000002277077E510>, <snowplow_tracker.self_describing_json.SelfDescribingJson object at 0x0000022771634B30>, <snowplow_tracker.self_describing_json.SelfDescribingJson object at 0x00000227712D1AC0>]}


============================== 23:02:45.711340 | 99cc5794-2d7c-4ea7-8758-419d69eb7e94 ==============================
[0m23:02:45.711340 [info ] [MainThread]: Running with dbt=1.8.8
[0m23:02:45.711340 [debug] [MainThread]: running dbt with arguments {'printer_width': '80', 'indirect_selection': 'eager', 'write_json': 'True', 'log_cache_events': 'False', 'partial_parse': 'True', 'cache_selected_only': 'False', 'warn_error': 'None', 'debug': 'False', 'fail_fast': 'False', 'log_path': 'logs', 'version_check': 'True', 'profiles_dir': 'C:\\Users\\user\\.dbt', 'use_colors': 'True', 'use_experimental_parser': 'False', 'empty': 'None', 'quiet': 'False', 'no_print': 'None', 'warn_error_options': 'WarnErrorOptions(include=[], exclude=[])', 'static_parser': 'True', 'invocation_command': 'dbt init', 'log_format': 'default', 'target_path': 'None', 'introspect': 'True', 'send_anonymous_usage_stats': 'True'}
[0m23:02:56.492389 [debug] [MainThread]: Starter project path: C:\Users\user\Desktop\dbt2\lizi-dbt\.venv\Lib\site-packages\dbt\include\starter_project
[0m23:02:56.517107 [info ] [MainThread]: 
Your new dbt project "lizi_dbt_project" was created!

For more information on how to configure the profiles.yml file,
please consult the dbt documentation here:

  https://docs.getdbt.com/docs/configure-your-profile

One more thing:

Need help? Don't hesitate to reach out to us via GitHub issues or on Slack:

  https://community.getdbt.com/

Happy modeling!

[0m23:02:56.517107 [info ] [MainThread]: Setting up your profile.
[0m23:02:58.952974 [info ] [MainThread]: Profile lizi_dbt_project written to C:\Users\user\.dbt\profiles.yml using target's sample configuration. Once updated, you'll be able to start developing with dbt.
[0m23:02:58.952974 [debug] [MainThread]: Command `dbt init` succeeded at 23:02:58.952974 after 13.52 seconds
[0m23:02:58.968588 [debug] [MainThread]: Sending event: {'category': 'dbt', 'action': 'invocation', 'label': 'end', 'context': [<snowplow_tracker.self_describing_json.SelfDescribingJson object at 0x0000022770F4D130>, <snowplow_tracker.self_describing_json.SelfDescribingJson object at 0x0000022770F4FA70>, <snowplow_tracker.self_describing_json.SelfDescribingJson object at 0x000002276DDE8350>]}
[0m23:02:58.968588 [debug] [MainThread]: Flushing usage events
[0m23:21:24.391362 [debug] [MainThread]: Sending event: {'category': 'dbt', 'action': 'invocation', 'label': 'start', 'context': [<snowplow_tracker.self_describing_json.SelfDescribingJson object at 0x000001F1CAF80EC0>, <snowplow_tracker.self_describing_json.SelfDescribingJson object at 0x000001F1CAEE74D0>, <snowplow_tracker.self_describing_json.SelfDescribingJson object at 0x000001F1CB5A29C0>]}


============================== 23:21:24.404489 | f0180f6d-7fe4-4624-8679-815e7ab2ab73 ==============================
[0m23:21:24.404489 [info ] [MainThread]: Running with dbt=1.8.8
[0m23:21:24.404489 [debug] [MainThread]: running dbt with arguments {'printer_width': '80', 'indirect_selection': 'eager', 'log_cache_events': 'False', 'write_json': 'True', 'partial_parse': 'True', 'cache_selected_only': 'False', 'warn_error': 'None', 'fail_fast': 'False', 'profiles_dir': 'C:\\Users\\user\\.dbt', 'log_path': 'logs', 'version_check': 'True', 'debug': 'False', 'use_colors': 'True', 'use_experimental_parser': 'False', 'empty': 'False', 'quiet': 'False', 'no_print': 'None', 'log_format': 'default', 'invocation_command': 'dbt compile', 'introspect': 'True', 'warn_error_options': 'WarnErrorOptions(include=[], exclude=[])', 'target_path': 'None', 'static_parser': 'True', 'send_anonymous_usage_stats': 'True'}
[0m23:21:24.404489 [error] [MainThread]: Encountered an error:
Runtime Error
  No dbt_project.yml found at expected path C:\Users\user\Desktop\dbt2\lizi-dbt\dbt_project.yml
  Verify that each entry within packages.yml (and their transitive dependencies) contains a file named dbt_project.yml
  
[0m23:21:24.404489 [debug] [MainThread]: Command `dbt compile` failed at 23:21:24.404489 after 0.34 seconds
[0m23:21:24.404489 [debug] [MainThread]: Sending event: {'category': 'dbt', 'action': 'invocation', 'label': 'end', 'context': [<snowplow_tracker.self_describing_json.SelfDescribingJson object at 0x000001F1CAF80EC0>, <snowplow_tracker.self_describing_json.SelfDescribingJson object at 0x000001F1CB5A29C0>, <snowplow_tracker.self_describing_json.SelfDescribingJson object at 0x000001F1CB7391C0>]}
[0m23:21:24.404489 [debug] [MainThread]: Flushing usage events
[0m23:21:51.034630 [debug] [MainThread]: Sending event: {'category': 'dbt', 'action': 'invocation', 'label': 'start', 'context': [<snowplow_tracker.self_describing_json.SelfDescribingJson object at 0x0000029C28857FB0>, <snowplow_tracker.self_describing_json.SelfDescribingJson object at 0x0000029C27490290>, <snowplow_tracker.self_describing_json.SelfDescribingJson object at 0x0000029C268C2900>]}


============================== 23:21:51.050367 | 3b83fcfc-1a83-4f7f-9059-28d22471d7b9 ==============================
[0m23:21:51.050367 [info ] [MainThread]: Running with dbt=1.8.8
[0m23:21:51.050367 [debug] [MainThread]: running dbt with arguments {'printer_width': '80', 'indirect_selection': 'eager', 'log_cache_events': 'False', 'write_json': 'True', 'partial_parse': 'True', 'cache_selected_only': 'False', 'warn_error': 'None', 'version_check': 'True', 'debug': 'False', 'log_path': 'logs', 'profiles_dir': 'C:\\Users\\user\\.dbt', 'fail_fast': 'False', 'use_colors': 'True', 'use_experimental_parser': 'False', 'no_print': 'None', 'quiet': 'False', 'empty': 'None', 'warn_error_options': 'WarnErrorOptions(include=[], exclude=[])', 'invocation_command': 'dbt debug', 'introspect': 'True', 'log_format': 'default', 'target_path': 'None', 'static_parser': 'True', 'send_anonymous_usage_stats': 'True'}
[0m23:21:51.100791 [info ] [MainThread]: dbt version: 1.8.8
[0m23:21:51.100791 [info ] [MainThread]: python version: 3.12.2
[0m23:21:51.100791 [info ] [MainThread]: python path: C:\Users\user\Desktop\dbt2\lizi-dbt\.venv\Scripts\python.exe
[0m23:21:51.100791 [info ] [MainThread]: os info: Windows-11-10.0.22631-SP0
[0m23:21:51.105823 [info ] [MainThread]: Using profiles dir at C:\Users\user\.dbt
[0m23:21:51.108497 [info ] [MainThread]: Using profiles.yml file at C:\Users\user\.dbt\profiles.yml
[0m23:21:51.109896 [info ] [MainThread]: Using dbt_project.yml file at C:\Users\user\Desktop\dbt2\lizi-dbt\dbt_project.yml
[0m23:21:51.109896 [info ] [MainThread]: Configuration:
[0m23:21:51.109896 [info ] [MainThread]:   profiles.yml file [[31mERROR not found[0m]
[0m23:21:51.113918 [info ] [MainThread]:   dbt_project.yml file [[31mERROR not found[0m]
[0m23:21:51.113918 [info ] [MainThread]: Required dependencies:
[0m23:21:51.113918 [debug] [MainThread]: Executing "git --help"
[0m23:21:51.158267 [debug] [MainThread]: STDOUT: "b"usage: git [-v | --version] [-h | --help] [-C <path>] [-c <name>=<value>]\n           [--exec-path[=<path>]] [--html-path] [--man-path] [--info-path]\n           [-p | --paginate | -P | --no-pager] [--no-replace-objects] [--no-lazy-fetch]\n           [--no-optional-locks] [--no-advice] [--bare] [--git-dir=<path>]\n           [--work-tree=<path>] [--namespace=<name>] [--config-env=<name>=<envvar>]\n           <command> [<args>]\n\nThese are common Git commands used in various situations:\n\nstart a working area (see also: git help tutorial)\n   clone      Clone a repository into a new directory\n   init       Create an empty Git repository or reinitialize an existing one\n\nwork on the current change (see also: git help everyday)\n   add        Add file contents to the index\n   mv         Move or rename a file, a directory, or a symlink\n   restore    Restore working tree files\n   rm         Remove files from the working tree and from the index\n\nexamine the history and state (see also: git help revisions)\n   bisect     Use binary search to find the commit that introduced a bug\n   diff       Show changes between commits, commit and working tree, etc\n   grep       Print lines matching a pattern\n   log        Show commit logs\n   show       Show various types of objects\n   status     Show the working tree status\n\ngrow, mark and tweak your common history\n   backfill   Download missing objects in a partial clone\n   branch     List, create, or delete branches\n   commit     Record changes to the repository\n   merge      Join two or more development histories together\n   rebase     Reapply commits on top of another base tip\n   reset      Reset current HEAD to the specified state\n   switch     Switch branches\n   tag        Create, list, delete or verify a tag object signed with GPG\n\ncollaborate (see also: git help workflows)\n   fetch      Download objects and refs from another repository\n   pull       Fetch from and integrate with another repository or a local branch\n   push       Update remote refs along with associated objects\n\n'git help -a' and 'git help -g' list available subcommands and some\nconcept guides. See 'git help <command>' or 'git help <concept>'\nto read about a specific subcommand or concept.\nSee 'git help git' for an overview of the system.\n""
[0m23:21:51.158267 [debug] [MainThread]: STDERR: "b''"
[0m23:21:51.158267 [info ] [MainThread]:  - git [[32mOK found[0m]

[0m23:21:51.158267 [info ] [MainThread]: Connection test skipped since no profile was found
[0m23:21:51.163281 [info ] [MainThread]: [31m2 checks failed:[0m
[0m23:21:51.163281 [info ] [MainThread]: dbt looked for a profiles.yml file in C:\Users\user\.dbt\profiles.yml, but did
not find one. For more information on configuring your profile, consult the
documentation:

https://docs.getdbt.com/docs/configure-your-profile


[0m23:21:51.163281 [info ] [MainThread]: Project loading failed for the following reason:
 project path <C:\Users\user\Desktop\dbt2\lizi-dbt\dbt_project.yml> not found

[0m23:21:51.163281 [debug] [MainThread]: Command `dbt debug` failed at 23:21:51.163281 after 0.29 seconds
[0m23:21:51.163281 [debug] [MainThread]: Sending event: {'category': 'dbt', 'action': 'invocation', 'label': 'end', 'context': [<snowplow_tracker.self_describing_json.SelfDescribingJson object at 0x0000029C295272C0>, <snowplow_tracker.self_describing_json.SelfDescribingJson object at 0x0000029C25F8C0E0>, <snowplow_tracker.self_describing_json.SelfDescribingJson object at 0x0000029C29952870>]}
[0m23:21:51.163281 [debug] [MainThread]: Flushing usage events
[0m23:23:01.632830 [debug] [MainThread]: Sending event: {'category': 'dbt', 'action': 'invocation', 'label': 'start', 'context': [<snowplow_tracker.self_describing_json.SelfDescribingJson object at 0x0000017BBE024050>, <snowplow_tracker.self_describing_json.SelfDescribingJson object at 0x0000017BC18EFEC0>, <snowplow_tracker.self_describing_json.SelfDescribingJson object at 0x0000017BC18ECB30>]}


============================== 23:23:01.638435 | b87cf6ac-cfcb-4c14-ac72-c88eaf64dec6 ==============================
[0m23:23:01.638435 [info ] [MainThread]: Running with dbt=1.8.8
[0m23:23:01.638435 [debug] [MainThread]: running dbt with arguments {'printer_width': '80', 'indirect_selection': 'eager', 'log_cache_events': 'False', 'write_json': 'True', 'partial_parse': 'True', 'cache_selected_only': 'False', 'profiles_dir': 'C:\\Users\\user\\.dbt', 'debug': 'False', 'version_check': 'True', 'log_path': 'C:\\Users\\user\\Desktop\\dbt2\\lizi-dbt\\logs', 'fail_fast': 'False', 'warn_error': 'None', 'use_colors': 'True', 'use_experimental_parser': 'False', 'no_print': 'None', 'quiet': 'False', 'empty': 'None', 'log_format': 'default', 'introspect': 'True', 'invocation_command': 'dbt debug', 'static_parser': 'True', 'target_path': 'None', 'warn_error_options': 'WarnErrorOptions(include=[], exclude=[])', 'send_anonymous_usage_stats': 'True'}
[0m23:23:01.669803 [info ] [MainThread]: dbt version: 1.8.8
[0m23:23:01.669803 [info ] [MainThread]: python version: 3.12.2
[0m23:23:01.669803 [info ] [MainThread]: python path: C:\Users\user\Desktop\dbt2\lizi-dbt\.venv\Scripts\python.exe
[0m23:23:01.669803 [info ] [MainThread]: os info: Windows-11-10.0.22631-SP0
[0m23:23:01.669803 [info ] [MainThread]: Using profiles dir at C:\Users\user\.dbt
[0m23:23:01.669803 [info ] [MainThread]: Using profiles.yml file at C:\Users\user\.dbt\profiles.yml
[0m23:23:01.669803 [info ] [MainThread]: Using dbt_project.yml file at C:\Users\user\Desktop\dbt2\lizi-dbt\dbt_project.yml
[0m23:23:01.853354 [info ] [MainThread]: Configuration:
[0m23:23:01.853354 [info ] [MainThread]:   profiles.yml file [[31mERROR not found[0m]
[0m23:23:01.853354 [info ] [MainThread]:   dbt_project.yml file [[32mOK found and valid[0m]
[0m23:23:01.853354 [info ] [MainThread]: Required dependencies:
[0m23:23:01.853354 [debug] [MainThread]: Executing "git --help"
[0m23:23:01.901765 [debug] [MainThread]: STDOUT: "b"usage: git [-v | --version] [-h | --help] [-C <path>] [-c <name>=<value>]\n           [--exec-path[=<path>]] [--html-path] [--man-path] [--info-path]\n           [-p | --paginate | -P | --no-pager] [--no-replace-objects] [--no-lazy-fetch]\n           [--no-optional-locks] [--no-advice] [--bare] [--git-dir=<path>]\n           [--work-tree=<path>] [--namespace=<name>] [--config-env=<name>=<envvar>]\n           <command> [<args>]\n\nThese are common Git commands used in various situations:\n\nstart a working area (see also: git help tutorial)\n   clone      Clone a repository into a new directory\n   init       Create an empty Git repository or reinitialize an existing one\n\nwork on the current change (see also: git help everyday)\n   add        Add file contents to the index\n   mv         Move or rename a file, a directory, or a symlink\n   restore    Restore working tree files\n   rm         Remove files from the working tree and from the index\n\nexamine the history and state (see also: git help revisions)\n   bisect     Use binary search to find the commit that introduced a bug\n   diff       Show changes between commits, commit and working tree, etc\n   grep       Print lines matching a pattern\n   log        Show commit logs\n   show       Show various types of objects\n   status     Show the working tree status\n\ngrow, mark and tweak your common history\n   backfill   Download missing objects in a partial clone\n   branch     List, create, or delete branches\n   commit     Record changes to the repository\n   merge      Join two or more development histories together\n   rebase     Reapply commits on top of another base tip\n   reset      Reset current HEAD to the specified state\n   switch     Switch branches\n   tag        Create, list, delete or verify a tag object signed with GPG\n\ncollaborate (see also: git help workflows)\n   fetch      Download objects and refs from another repository\n   pull       Fetch from and integrate with another repository or a local branch\n   push       Update remote refs along with associated objects\n\n'git help -a' and 'git help -g' list available subcommands and some\nconcept guides. See 'git help <command>' or 'git help <concept>'\nto read about a specific subcommand or concept.\nSee 'git help git' for an overview of the system.\n""
[0m23:23:01.901765 [debug] [MainThread]: STDERR: "b''"
[0m23:23:01.901765 [info ] [MainThread]:  - git [[32mOK found[0m]

[0m23:23:01.910444 [info ] [MainThread]: Connection test skipped since no profile was found
[0m23:23:01.910444 [info ] [MainThread]: [31m1 check failed:[0m
[0m23:23:01.910444 [info ] [MainThread]: dbt looked for a profiles.yml file in C:\Users\user\.dbt\profiles.yml, but did
not find one. For more information on configuring your profile, consult the
documentation:

https://docs.getdbt.com/docs/configure-your-profile


[0m23:23:01.910444 [debug] [MainThread]: Command `dbt debug` failed at 23:23:01.910444 after 0.54 seconds
[0m23:23:01.910444 [debug] [MainThread]: Sending event: {'category': 'dbt', 'action': 'invocation', 'label': 'end', 'context': [<snowplow_tracker.self_describing_json.SelfDescribingJson object at 0x0000017BC1263440>, <snowplow_tracker.self_describing_json.SelfDescribingJson object at 0x0000017BC12633E0>, <snowplow_tracker.self_describing_json.SelfDescribingJson object at 0x0000017BC1A76780>]}
[0m23:23:01.910444 [debug] [MainThread]: Flushing usage events
[0m23:23:38.106042 [debug] [MainThread]: Sending event: {'category': 'dbt', 'action': 'invocation', 'label': 'start', 'context': [<snowplow_tracker.self_describing_json.SelfDescribingJson object at 0x000001D137261D30>, <snowplow_tracker.self_describing_json.SelfDescribingJson object at 0x000001D1375075F0>, <snowplow_tracker.self_describing_json.SelfDescribingJson object at 0x000001D139B95C10>]}


============================== 23:23:38.106042 | 43477298-5f1e-4f56-b7ff-a6389fe2ce64 ==============================
[0m23:23:38.106042 [info ] [MainThread]: Running with dbt=1.8.8
[0m23:23:38.116654 [debug] [MainThread]: running dbt with arguments {'printer_width': '80', 'indirect_selection': 'eager', 'write_json': 'True', 'log_cache_events': 'False', 'partial_parse': 'True', 'cache_selected_only': 'False', 'profiles_dir': 'C:\\Users\\user\\Desktop\\dbt2\\lizi-dbt', 'version_check': 'True', 'warn_error': 'None', 'log_path': 'C:\\Users\\user\\Desktop\\dbt2\\lizi-dbt\\logs', 'fail_fast': 'False', 'debug': 'False', 'use_colors': 'True', 'use_experimental_parser': 'False', 'no_print': 'None', 'quiet': 'False', 'empty': 'None', 'log_format': 'default', 'introspect': 'True', 'warn_error_options': 'WarnErrorOptions(include=[], exclude=[])', 'static_parser': 'True', 'target_path': 'None', 'invocation_command': 'dbt debug', 'send_anonymous_usage_stats': 'True'}
[0m23:23:38.122268 [info ] [MainThread]: dbt version: 1.8.8
[0m23:23:38.122268 [info ] [MainThread]: python version: 3.12.2
[0m23:23:38.137959 [info ] [MainThread]: python path: C:\Users\user\Desktop\dbt2\lizi-dbt\.venv\Scripts\python.exe
[0m23:23:38.137959 [info ] [MainThread]: os info: Windows-11-10.0.22631-SP0
[0m23:23:38.518968 [info ] [MainThread]: Using profiles dir at C:\Users\user\Desktop\dbt2\lizi-dbt
[0m23:23:38.518968 [info ] [MainThread]: Using profiles.yml file at C:\Users\user\Desktop\dbt2\lizi-dbt\profiles.yml
[0m23:23:38.518968 [info ] [MainThread]: Using dbt_project.yml file at C:\Users\user\Desktop\dbt2\lizi-dbt\dbt_project.yml
[0m23:23:38.534759 [info ] [MainThread]: adapter type: duckdb
[0m23:23:38.534759 [info ] [MainThread]: adapter version: 1.9.0
[0m23:23:38.654693 [info ] [MainThread]: Configuration:
[0m23:23:38.654693 [info ] [MainThread]:   profiles.yml file [[32mOK found and valid[0m]
[0m23:23:38.654693 [info ] [MainThread]:   dbt_project.yml file [[32mOK found and valid[0m]
[0m23:23:38.654693 [info ] [MainThread]: Required dependencies:
[0m23:23:38.654693 [debug] [MainThread]: Executing "git --help"
[0m23:23:38.701798 [debug] [MainThread]: STDOUT: "b"usage: git [-v | --version] [-h | --help] [-C <path>] [-c <name>=<value>]\n           [--exec-path[=<path>]] [--html-path] [--man-path] [--info-path]\n           [-p | --paginate | -P | --no-pager] [--no-replace-objects] [--no-lazy-fetch]\n           [--no-optional-locks] [--no-advice] [--bare] [--git-dir=<path>]\n           [--work-tree=<path>] [--namespace=<name>] [--config-env=<name>=<envvar>]\n           <command> [<args>]\n\nThese are common Git commands used in various situations:\n\nstart a working area (see also: git help tutorial)\n   clone      Clone a repository into a new directory\n   init       Create an empty Git repository or reinitialize an existing one\n\nwork on the current change (see also: git help everyday)\n   add        Add file contents to the index\n   mv         Move or rename a file, a directory, or a symlink\n   restore    Restore working tree files\n   rm         Remove files from the working tree and from the index\n\nexamine the history and state (see also: git help revisions)\n   bisect     Use binary search to find the commit that introduced a bug\n   diff       Show changes between commits, commit and working tree, etc\n   grep       Print lines matching a pattern\n   log        Show commit logs\n   show       Show various types of objects\n   status     Show the working tree status\n\ngrow, mark and tweak your common history\n   backfill   Download missing objects in a partial clone\n   branch     List, create, or delete branches\n   commit     Record changes to the repository\n   merge      Join two or more development histories together\n   rebase     Reapply commits on top of another base tip\n   reset      Reset current HEAD to the specified state\n   switch     Switch branches\n   tag        Create, list, delete or verify a tag object signed with GPG\n\ncollaborate (see also: git help workflows)\n   fetch      Download objects and refs from another repository\n   pull       Fetch from and integrate with another repository or a local branch\n   push       Update remote refs along with associated objects\n\n'git help -a' and 'git help -g' list available subcommands and some\nconcept guides. See 'git help <command>' or 'git help <concept>'\nto read about a specific subcommand or concept.\nSee 'git help git' for an overview of the system.\n""
[0m23:23:38.701798 [debug] [MainThread]: STDERR: "b''"
[0m23:23:38.701798 [info ] [MainThread]:  - git [[32mOK found[0m]

[0m23:23:38.701798 [info ] [MainThread]: Connection:
[0m23:23:38.701798 [info ] [MainThread]:   database: dev
[0m23:23:38.701798 [info ] [MainThread]:   schema: main
[0m23:23:38.701798 [info ] [MainThread]:   path: dev.duckdb
[0m23:23:38.701798 [info ] [MainThread]:   config_options: None
[0m23:23:38.701798 [info ] [MainThread]:   extensions: None
[0m23:23:38.701798 [info ] [MainThread]:   settings: {}
[0m23:23:38.716858 [info ] [MainThread]:   external_root: .
[0m23:23:38.718633 [info ] [MainThread]:   use_credential_provider: None
[0m23:23:38.720495 [info ] [MainThread]:   attach: None
[0m23:23:38.721248 [info ] [MainThread]:   filesystems: None
[0m23:23:38.721248 [info ] [MainThread]:   remote: None
[0m23:23:38.726305 [info ] [MainThread]:   plugins: None
[0m23:23:38.728213 [info ] [MainThread]:   disable_transactions: False
[0m23:23:38.730760 [info ] [MainThread]: Registered adapter: duckdb=1.9.0
[0m23:23:38.730760 [debug] [MainThread]: Acquiring new duckdb connection 'debug'
[0m23:23:38.816905 [debug] [MainThread]: Using duckdb connection "debug"
[0m23:23:38.816905 [debug] [MainThread]: On debug: select 1 as id
[0m23:23:38.823431 [debug] [MainThread]: Opening a new connection, currently in state init
[0m23:23:38.845245 [debug] [MainThread]: SQL status: OK in 0.022 seconds
[0m23:23:38.847753 [debug] [MainThread]: On debug: Close
[0m23:23:38.847753 [info ] [MainThread]:   Connection test: [[32mOK connection ok[0m]

[0m23:23:38.847753 [info ] [MainThread]: [32mAll checks passed![0m
[0m23:23:38.847753 [debug] [MainThread]: Command `dbt debug` succeeded at 23:23:38.847753 after 0.92 seconds
[0m23:23:38.847753 [debug] [MainThread]: Connection 'debug' was properly closed.
[0m23:23:38.847753 [debug] [MainThread]: Sending event: {'category': 'dbt', 'action': 'invocation', 'label': 'end', 'context': [<snowplow_tracker.self_describing_json.SelfDescribingJson object at 0x000001D137261D30>, <snowplow_tracker.self_describing_json.SelfDescribingJson object at 0x000001D139D3A930>, <snowplow_tracker.self_describing_json.SelfDescribingJson object at 0x000001D139868C80>]}
[0m23:23:38.855769 [debug] [MainThread]: Flushing usage events
[0m23:23:47.915826 [debug] [MainThread]: Sending event: {'category': 'dbt', 'action': 'invocation', 'label': 'start', 'context': [<snowplow_tracker.self_describing_json.SelfDescribingJson object at 0x0000020E6C932F00>, <snowplow_tracker.self_describing_json.SelfDescribingJson object at 0x0000020E6A779C70>, <snowplow_tracker.self_describing_json.SelfDescribingJson object at 0x0000020E69858320>]}


============================== 23:23:47.915826 | 7df8fea2-36f6-4bc1-a725-a310592d858c ==============================
[0m23:23:47.915826 [info ] [MainThread]: Running with dbt=1.8.8
[0m23:23:47.915826 [debug] [MainThread]: running dbt with arguments {'printer_width': '80', 'indirect_selection': 'eager', 'log_cache_events': 'False', 'write_json': 'True', 'partial_parse': 'True', 'cache_selected_only': 'False', 'warn_error': 'None', 'fail_fast': 'False', 'debug': 'False', 'log_path': 'C:\\Users\\user\\Desktop\\dbt2\\lizi-dbt\\logs', 'version_check': 'True', 'profiles_dir': 'C:\\Users\\user\\Desktop\\dbt2\\lizi-dbt', 'use_colors': 'True', 'use_experimental_parser': 'False', 'no_print': 'None', 'quiet': 'False', 'empty': 'False', 'warn_error_options': 'WarnErrorOptions(include=[], exclude=[])', 'static_parser': 'True', 'log_format': 'default', 'invocation_command': 'dbt compile', 'target_path': 'None', 'introspect': 'True', 'send_anonymous_usage_stats': 'True'}
[0m23:23:48.258576 [debug] [MainThread]: Sending event: {'category': 'dbt', 'action': 'project_id', 'label': '7df8fea2-36f6-4bc1-a725-a310592d858c', 'context': [<snowplow_tracker.self_describing_json.SelfDescribingJson object at 0x0000020E6C0867E0>]}
[0m23:23:48.337236 [debug] [MainThread]: Sending event: {'category': 'dbt', 'action': 'adapter_info', 'label': '7df8fea2-36f6-4bc1-a725-a310592d858c', 'context': [<snowplow_tracker.self_describing_json.SelfDescribingJson object at 0x0000020E6D3301A0>]}
[0m23:23:48.338748 [info ] [MainThread]: Registered adapter: duckdb=1.9.0
[0m23:23:48.352677 [debug] [MainThread]: checksum: ec53e341a936509427e16df1c646386a84befec52c1957e3f4359fbc36fc93f5, vars: {}, profile: , target: , version: 1.8.8
[0m23:23:48.352677 [info ] [MainThread]: Unable to do partial parsing because saved manifest not found. Starting full parse.
[0m23:23:48.352677 [debug] [MainThread]: Sending event: {'category': 'dbt', 'action': 'partial_parser', 'label': '7df8fea2-36f6-4bc1-a725-a310592d858c', 'context': [<snowplow_tracker.self_describing_json.SelfDescribingJson object at 0x0000020E6A86B170>]}
[0m23:23:49.279786 [debug] [MainThread]: Sending event: {'category': 'dbt', 'action': 'load_project', 'label': '7df8fea2-36f6-4bc1-a725-a310592d858c', 'context': [<snowplow_tracker.self_describing_json.SelfDescribingJson object at 0x0000020E6E5A2780>]}
[0m23:23:49.360094 [debug] [MainThread]: Sending event: {'category': 'dbt', 'action': 'resource_counts', 'label': '7df8fea2-36f6-4bc1-a725-a310592d858c', 'context': [<snowplow_tracker.self_describing_json.SelfDescribingJson object at 0x0000020E6E665E20>]}
[0m23:23:49.360094 [info ] [MainThread]: Found 416 macros
[0m23:23:49.360094 [debug] [MainThread]: Sending event: {'category': 'dbt', 'action': 'runnable_timing', 'label': '7df8fea2-36f6-4bc1-a725-a310592d858c', 'context': [<snowplow_tracker.self_describing_json.SelfDescribingJson object at 0x0000020E6E548F20>]}
[0m23:23:49.360094 [info ] [MainThread]: 
[0m23:23:49.360094 [warn ] [MainThread]: Nothing to do. Try checking your model configs and model specification args
[0m23:23:49.360094 [debug] [MainThread]: Command end result
[0m23:23:49.409764 [debug] [MainThread]: Command `dbt compile` succeeded at 23:23:49.409764 after 1.67 seconds
[0m23:23:49.409764 [debug] [MainThread]: Sending event: {'category': 'dbt', 'action': 'invocation', 'label': 'end', 'context': [<snowplow_tracker.self_describing_json.SelfDescribingJson object at 0x0000020E6C7C2FC0>, <snowplow_tracker.self_describing_json.SelfDescribingJson object at 0x0000020E6CD1B680>, <snowplow_tracker.self_describing_json.SelfDescribingJson object at 0x0000020E6C66A840>]}
[0m23:23:49.409764 [debug] [MainThread]: Flushing usage events
[0m23:24:16.864467 [debug] [MainThread]: Sending event: {'category': 'dbt', 'action': 'invocation', 'label': 'start', 'context': [<snowplow_tracker.self_describing_json.SelfDescribingJson object at 0x00000235C9796750>, <snowplow_tracker.self_describing_json.SelfDescribingJson object at 0x00000235C97957F0>, <snowplow_tracker.self_describing_json.SelfDescribingJson object at 0x00000235C9797500>]}


============================== 23:24:16.872586 | 4f0104dd-02dc-4173-9335-1cdf23ed5af5 ==============================
[0m23:24:16.872586 [info ] [MainThread]: Running with dbt=1.8.8
[0m23:24:16.877248 [debug] [MainThread]: running dbt with arguments {'printer_width': '80', 'indirect_selection': 'eager', 'log_cache_events': 'False', 'write_json': 'True', 'partial_parse': 'True', 'cache_selected_only': 'False', 'profiles_dir': 'C:\\Users\\user\\Desktop\\dbt2\\lizi-dbt', 'version_check': 'True', 'fail_fast': 'False', 'log_path': 'C:\\Users\\user\\Desktop\\dbt2\\lizi-dbt\\logs', 'warn_error': 'None', 'debug': 'False', 'use_colors': 'True', 'use_experimental_parser': 'False', 'empty': 'None', 'quiet': 'False', 'no_print': 'None', 'log_format': 'default', 'introspect': 'True', 'warn_error_options': 'WarnErrorOptions(include=[], exclude=[])', 'invocation_command': 'dbt docs generate', 'target_path': 'None', 'static_parser': 'True', 'send_anonymous_usage_stats': 'True'}
[0m23:24:17.194812 [debug] [MainThread]: Sending event: {'category': 'dbt', 'action': 'project_id', 'label': '4f0104dd-02dc-4173-9335-1cdf23ed5af5', 'context': [<snowplow_tracker.self_describing_json.SelfDescribingJson object at 0x00000235C98C7860>]}
[0m23:24:17.255277 [debug] [MainThread]: Sending event: {'category': 'dbt', 'action': 'adapter_info', 'label': '4f0104dd-02dc-4173-9335-1cdf23ed5af5', 'context': [<snowplow_tracker.self_describing_json.SelfDescribingJson object at 0x00000235C74F72C0>]}
[0m23:24:17.255277 [info ] [MainThread]: Registered adapter: duckdb=1.9.0
[0m23:24:17.270903 [debug] [MainThread]: checksum: ec53e341a936509427e16df1c646386a84befec52c1957e3f4359fbc36fc93f5, vars: {}, profile: , target: , version: 1.8.8
[0m23:24:17.382629 [debug] [MainThread]: Partial parsing enabled: 0 files deleted, 0 files added, 0 files changed.
[0m23:24:17.382629 [debug] [MainThread]: Partial parsing enabled, no changes found, skipping parsing
[0m23:24:17.390652 [debug] [MainThread]: Sending event: {'category': 'dbt', 'action': 'load_project', 'label': '4f0104dd-02dc-4173-9335-1cdf23ed5af5', 'context': [<snowplow_tracker.self_describing_json.SelfDescribingJson object at 0x00000235C997A870>]}
[0m23:24:17.422605 [debug] [MainThread]: Sending event: {'category': 'dbt', 'action': 'resource_counts', 'label': '4f0104dd-02dc-4173-9335-1cdf23ed5af5', 'context': [<snowplow_tracker.self_describing_json.SelfDescribingJson object at 0x00000235C9B4C860>]}
[0m23:24:17.422605 [info ] [MainThread]: Found 416 macros
[0m23:24:17.422605 [debug] [MainThread]: Sending event: {'category': 'dbt', 'action': 'runnable_timing', 'label': '4f0104dd-02dc-4173-9335-1cdf23ed5af5', 'context': [<snowplow_tracker.self_describing_json.SelfDescribingJson object at 0x00000235C997A540>]}
[0m23:24:17.422605 [info ] [MainThread]: 
[0m23:24:17.422605 [warn ] [MainThread]: Nothing to do. Try checking your model configs and model specification args
[0m23:24:17.422605 [debug] [MainThread]: Command end result
[0m23:24:17.485743 [debug] [MainThread]: Acquiring new duckdb connection 'generate_catalog'
[0m23:24:17.485743 [info ] [MainThread]: Building catalog
[0m23:24:17.574990 [info ] [MainThread]: Catalog written to C:\Users\user\Desktop\dbt2\lizi-dbt\target\catalog.json
[0m23:24:17.574990 [debug] [MainThread]: Command `dbt docs generate` succeeded at 23:24:17.574990 after 0.89 seconds
[0m23:24:17.574990 [debug] [MainThread]: Connection 'generate_catalog' was properly closed.
[0m23:24:17.574990 [debug] [MainThread]: Sending event: {'category': 'dbt', 'action': 'invocation', 'label': 'end', 'context': [<snowplow_tracker.self_describing_json.SelfDescribingJson object at 0x00000235C74391C0>, <snowplow_tracker.self_describing_json.SelfDescribingJson object at 0x00000235CAC3A3F0>, <snowplow_tracker.self_describing_json.SelfDescribingJson object at 0x00000235C9745640>]}
[0m23:24:17.590636 [debug] [MainThread]: Flushing usage events
[0m23:24:26.572464 [debug] [MainThread]: Sending event: {'category': 'dbt', 'action': 'invocation', 'label': 'start', 'context': [<snowplow_tracker.self_describing_json.SelfDescribingJson object at 0x00000264FDF12B70>, <snowplow_tracker.self_describing_json.SelfDescribingJson object at 0x00000264FB5C9AC0>, <snowplow_tracker.self_describing_json.SelfDescribingJson object at 0x00000264FA6A8260>]}


============================== 23:24:26.580493 | e3a65ad9-e44d-41d8-9dac-81657e2282c0 ==============================
[0m23:24:26.580493 [info ] [MainThread]: Running with dbt=1.8.8
[0m23:24:26.580493 [debug] [MainThread]: running dbt with arguments {'printer_width': '80', 'indirect_selection': 'eager', 'log_cache_events': 'False', 'write_json': 'True', 'partial_parse': 'True', 'cache_selected_only': 'False', 'warn_error': 'None', 'debug': 'False', 'profiles_dir': 'C:\\Users\\user\\Desktop\\dbt2\\lizi-dbt', 'log_path': 'C:\\Users\\user\\Desktop\\dbt2\\lizi-dbt\\logs', 'version_check': 'True', 'fail_fast': 'False', 'use_colors': 'True', 'use_experimental_parser': 'False', 'no_print': 'None', 'quiet': 'False', 'empty': 'None', 'warn_error_options': 'WarnErrorOptions(include=[], exclude=[])', 'static_parser': 'True', 'log_format': 'default', 'introspect': 'True', 'target_path': 'None', 'invocation_command': 'dbt docs serve', 'send_anonymous_usage_stats': 'True'}
[0m23:24:26.927232 [debug] [MainThread]: Sending event: {'category': 'dbt', 'action': 'project_id', 'label': 'e3a65ad9-e44d-41d8-9dac-81657e2282c0', 'context': [<snowplow_tracker.self_describing_json.SelfDescribingJson object at 0x00000264FE137860>]}
[0m23:24:27.001404 [debug] [MainThread]: Sending event: {'category': 'dbt', 'action': 'adapter_info', 'label': 'e3a65ad9-e44d-41d8-9dac-81657e2282c0', 'context': [<snowplow_tracker.self_describing_json.SelfDescribingJson object at 0x00000264FE1295B0>]}
[0m23:24:42.650169 [error] [MainThread]: Encountered an error:

[0m23:24:42.666234 [error] [MainThread]: Traceback (most recent call last):
  File "C:\Users\user\Desktop\dbt2\lizi-dbt\.venv\Lib\site-packages\dbt\cli\requires.py", line 138, in wrapper
    result, success = func(*args, **kwargs)
                      ^^^^^^^^^^^^^^^^^^^^^
  File "C:\Users\user\Desktop\dbt2\lizi-dbt\.venv\Lib\site-packages\dbt\cli\requires.py", line 101, in wrapper
    return func(*args, **kwargs)
           ^^^^^^^^^^^^^^^^^^^^^
  File "C:\Users\user\Desktop\dbt2\lizi-dbt\.venv\Lib\site-packages\dbt\cli\requires.py", line 218, in wrapper
    return func(*args, **kwargs)
           ^^^^^^^^^^^^^^^^^^^^^
  File "C:\Users\user\Desktop\dbt2\lizi-dbt\.venv\Lib\site-packages\dbt\cli\requires.py", line 247, in wrapper
    return func(*args, **kwargs)
           ^^^^^^^^^^^^^^^^^^^^^
  File "C:\Users\user\Desktop\dbt2\lizi-dbt\.venv\Lib\site-packages\dbt\cli\requires.py", line 294, in wrapper
    return func(*args, **kwargs)
           ^^^^^^^^^^^^^^^^^^^^^
  File "C:\Users\user\Desktop\dbt2\lizi-dbt\.venv\Lib\site-packages\dbt\cli\main.py", line 303, in docs_serve
    results = task.run()
              ^^^^^^^^^^
  File "C:\Users\user\Desktop\dbt2\lizi-dbt\.venv\Lib\site-packages\dbt\task\docs\serve.py", line 29, in run
    httpd.serve_forever()
  File "C:\Users\user\AppData\Local\Programs\Python\Python312\Lib\socketserver.py", line 235, in serve_forever
    ready = selector.select(poll_interval)
            ^^^^^^^^^^^^^^^^^^^^^^^^^^^^^^
  File "C:\Users\user\AppData\Local\Programs\Python\Python312\Lib\selectors.py", line 323, in select
    r, w, _ = self._select(self._readers, self._writers, [], timeout)
              ^^^^^^^^^^^^^^^^^^^^^^^^^^^^^^^^^^^^^^^^^^^^^^^^^^^^^^^
  File "C:\Users\user\AppData\Local\Programs\Python\Python312\Lib\selectors.py", line 314, in _select
    r, w, x = select.select(r, w, w, timeout)
              ^^^^^^^^^^^^^^^^^^^^^^^^^^^^^^^
KeyboardInterrupt

[0m23:24:42.685095 [debug] [MainThread]: Command `dbt docs serve` failed at 23:24:42.685095 after 16.33 seconds
[0m23:24:42.687939 [debug] [MainThread]: Sending event: {'category': 'dbt', 'action': 'invocation', 'label': 'end', 'context': [<snowplow_tracker.self_describing_json.SelfDescribingJson object at 0x00000264FDF45490>, <snowplow_tracker.self_describing_json.SelfDescribingJson object at 0x00000264FF230470>, <snowplow_tracker.self_describing_json.SelfDescribingJson object at 0x00000264FE129100>]}
[0m23:24:42.689228 [debug] [MainThread]: Flushing usage events
[0m23:25:00.473999 [debug] [MainThread]: Sending event: {'category': 'dbt', 'action': 'invocation', 'label': 'start', 'context': [<snowplow_tracker.self_describing_json.SelfDescribingJson object at 0x0000027E94418380>, <snowplow_tracker.self_describing_json.SelfDescribingJson object at 0x0000027E959552B0>, <snowplow_tracker.self_describing_json.SelfDescribingJson object at 0x0000027E979DE6F0>]}


============================== 23:25:00.483106 | aaa64c6e-865f-473a-9a3e-b82725dffe5a ==============================
[0m23:25:00.483106 [info ] [MainThread]: Running with dbt=1.8.8
[0m23:25:00.483106 [debug] [MainThread]: running dbt with arguments {'printer_width': '80', 'indirect_selection': 'eager', 'log_cache_events': 'False', 'write_json': 'True', 'partial_parse': 'True', 'cache_selected_only': 'False', 'profiles_dir': 'C:\\Users\\user\\.dbt', 'version_check': 'True', 'warn_error': 'None', 'log_path': 'C:\\Users\\user\\Desktop\\dbt2\\lizi-dbt\\logs', 'debug': 'False', 'fail_fast': 'False', 'use_colors': 'True', 'use_experimental_parser': 'False', 'empty': 'None', 'quiet': 'False', 'no_print': 'None', 'warn_error_options': 'WarnErrorOptions(include=[], exclude=[])', 'introspect': 'True', 'static_parser': 'True', 'invocation_command': 'dbt debug', 'target_path': 'None', 'log_format': 'default', 'send_anonymous_usage_stats': 'True'}
[0m23:25:00.499322 [info ] [MainThread]: dbt version: 1.8.8
[0m23:25:00.499322 [info ] [MainThread]: python version: 3.12.2
[0m23:25:00.499322 [info ] [MainThread]: python path: C:\Users\user\Desktop\dbt2\lizi-dbt\.venv\Scripts\python.exe
[0m23:25:00.499322 [info ] [MainThread]: os info: Windows-11-10.0.22631-SP0
[0m23:25:00.499322 [info ] [MainThread]: Using profiles dir at C:\Users\user\.dbt
[0m23:25:00.499322 [info ] [MainThread]: Using profiles.yml file at C:\Users\user\.dbt\profiles.yml
[0m23:25:00.499322 [info ] [MainThread]: Using dbt_project.yml file at C:\Users\user\Desktop\dbt2\lizi-dbt\dbt_project.yml
[0m23:25:00.689794 [info ] [MainThread]: Configuration:
[0m23:25:00.689794 [info ] [MainThread]:   profiles.yml file [[31mERROR not found[0m]
[0m23:25:00.695908 [info ] [MainThread]:   dbt_project.yml file [[32mOK found and valid[0m]
[0m23:25:00.697918 [info ] [MainThread]: Required dependencies:
[0m23:25:00.697918 [debug] [MainThread]: Executing "git --help"
[0m23:25:00.738981 [debug] [MainThread]: STDOUT: "b"usage: git [-v | --version] [-h | --help] [-C <path>] [-c <name>=<value>]\n           [--exec-path[=<path>]] [--html-path] [--man-path] [--info-path]\n           [-p | --paginate | -P | --no-pager] [--no-replace-objects] [--no-lazy-fetch]\n           [--no-optional-locks] [--no-advice] [--bare] [--git-dir=<path>]\n           [--work-tree=<path>] [--namespace=<name>] [--config-env=<name>=<envvar>]\n           <command> [<args>]\n\nThese are common Git commands used in various situations:\n\nstart a working area (see also: git help tutorial)\n   clone      Clone a repository into a new directory\n   init       Create an empty Git repository or reinitialize an existing one\n\nwork on the current change (see also: git help everyday)\n   add        Add file contents to the index\n   mv         Move or rename a file, a directory, or a symlink\n   restore    Restore working tree files\n   rm         Remove files from the working tree and from the index\n\nexamine the history and state (see also: git help revisions)\n   bisect     Use binary search to find the commit that introduced a bug\n   diff       Show changes between commits, commit and working tree, etc\n   grep       Print lines matching a pattern\n   log        Show commit logs\n   show       Show various types of objects\n   status     Show the working tree status\n\ngrow, mark and tweak your common history\n   backfill   Download missing objects in a partial clone\n   branch     List, create, or delete branches\n   commit     Record changes to the repository\n   merge      Join two or more development histories together\n   rebase     Reapply commits on top of another base tip\n   reset      Reset current HEAD to the specified state\n   switch     Switch branches\n   tag        Create, list, delete or verify a tag object signed with GPG\n\ncollaborate (see also: git help workflows)\n   fetch      Download objects and refs from another repository\n   pull       Fetch from and integrate with another repository or a local branch\n   push       Update remote refs along with associated objects\n\n'git help -a' and 'git help -g' list available subcommands and some\nconcept guides. See 'git help <command>' or 'git help <concept>'\nto read about a specific subcommand or concept.\nSee 'git help git' for an overview of the system.\n""
[0m23:25:00.738981 [debug] [MainThread]: STDERR: "b''"
[0m23:25:00.738981 [info ] [MainThread]:  - git [[32mOK found[0m]

[0m23:25:00.738981 [info ] [MainThread]: Connection test skipped since no profile was found
[0m23:25:00.738981 [info ] [MainThread]: [31m1 check failed:[0m
[0m23:25:00.738981 [info ] [MainThread]: dbt looked for a profiles.yml file in C:\Users\user\.dbt\profiles.yml, but did
not find one. For more information on configuring your profile, consult the
documentation:

https://docs.getdbt.com/docs/configure-your-profile


[0m23:25:00.738981 [debug] [MainThread]: Command `dbt debug` failed at 23:25:00.738981 after 0.44 seconds
[0m23:25:00.738981 [debug] [MainThread]: Sending event: {'category': 'dbt', 'action': 'invocation', 'label': 'end', 'context': [<snowplow_tracker.self_describing_json.SelfDescribingJson object at 0x0000027E97CB7590>, <snowplow_tracker.self_describing_json.SelfDescribingJson object at 0x0000027E97B09220>, <snowplow_tracker.self_describing_json.SelfDescribingJson object at 0x0000027E97B0BA10>]}
[0m23:25:00.738981 [debug] [MainThread]: Flushing usage events
[0m23:25:20.106086 [debug] [MainThread]: Sending event: {'category': 'dbt', 'action': 'invocation', 'label': 'start', 'context': [<snowplow_tracker.self_describing_json.SelfDescribingJson object at 0x00000189B08A5EB0>, <snowplow_tracker.self_describing_json.SelfDescribingJson object at 0x00000189B0676180>, <snowplow_tracker.self_describing_json.SelfDescribingJson object at 0x00000189B08A7D70>]}


============================== 23:25:20.109696 | 2712ef7d-e4ad-43af-bd49-25551c064805 ==============================
[0m23:25:20.109696 [info ] [MainThread]: Running with dbt=1.8.8
[0m23:25:20.109696 [debug] [MainThread]: running dbt with arguments {'printer_width': '80', 'indirect_selection': 'eager', 'log_cache_events': 'False', 'write_json': 'True', 'partial_parse': 'True', 'cache_selected_only': 'False', 'profiles_dir': 'C:\\Users\\user\\.dbt', 'debug': 'False', 'fail_fast': 'False', 'log_path': 'C:\\Users\\user\\Desktop\\dbt2\\lizi-dbt\\logs', 'version_check': 'True', 'warn_error': 'None', 'use_colors': 'True', 'use_experimental_parser': 'False', 'empty': 'None', 'quiet': 'False', 'no_print': 'None', 'log_format': 'default', 'introspect': 'True', 'static_parser': 'True', 'invocation_command': 'dbt docs serve', 'target_path': 'None', 'warn_error_options': 'WarnErrorOptions(include=[], exclude=[])', 'send_anonymous_usage_stats': 'True'}
[0m23:25:20.117811 [error] [MainThread]: Encountered an error:
Runtime Error
  Could not find profile named 'lizi_dbt_project'
[0m23:25:20.121011 [debug] [MainThread]: Command `dbt docs serve` failed at 23:25:20.121011 after 0.17 seconds
[0m23:25:20.121011 [debug] [MainThread]: Sending event: {'category': 'dbt', 'action': 'invocation', 'label': 'end', 'context': [<snowplow_tracker.self_describing_json.SelfDescribingJson object at 0x00000189B0676180>, <snowplow_tracker.self_describing_json.SelfDescribingJson object at 0x00000189AFA2B830>, <snowplow_tracker.self_describing_json.SelfDescribingJson object at 0x00000189B09F96D0>]}
[0m23:25:20.121011 [debug] [MainThread]: Flushing usage events
[0m23:26:45.786531 [debug] [MainThread]: Sending event: {'category': 'dbt', 'action': 'invocation', 'label': 'start', 'context': [<snowplow_tracker.self_describing_json.SelfDescribingJson object at 0x0000020F53EC2960>, <snowplow_tracker.self_describing_json.SelfDescribingJson object at 0x0000020F53393FB0>, <snowplow_tracker.self_describing_json.SelfDescribingJson object at 0x0000020F4E05A420>]}


============================== 23:26:45.795804 | f7a02191-21d1-4e6b-842a-cf3a330a687c ==============================
[0m23:26:45.795804 [info ] [MainThread]: Running with dbt=1.8.8
[0m23:26:45.795804 [debug] [MainThread]: running dbt with arguments {'printer_width': '80', 'indirect_selection': 'eager', 'log_cache_events': 'False', 'write_json': 'True', 'partial_parse': 'True', 'cache_selected_only': 'False', 'warn_error': 'None', 'fail_fast': 'False', 'debug': 'False', 'log_path': 'C:\\Users\\user\\Desktop\\dbt2\\lizi-dbt\\logs', 'profiles_dir': 'C:\\Users\\user\\.dbt', 'version_check': 'True', 'use_colors': 'True', 'use_experimental_parser': 'False', 'empty': 'None', 'quiet': 'False', 'no_print': 'None', 'log_format': 'default', 'static_parser': 'True', 'invocation_command': 'dbt init', 'introspect': 'True', 'target_path': 'None', 'warn_error_options': 'WarnErrorOptions(include=[], exclude=[])', 'send_anonymous_usage_stats': 'True'}
[0m23:26:45.827041 [info ] [MainThread]: Setting up your profile.
[0m23:26:54.361258 [info ] [MainThread]: Profile lizi_dbt_project written to C:\Users\user\.dbt\profiles.yml using target's sample configuration. Once updated, you'll be able to start developing with dbt.
[0m23:26:54.361258 [debug] [MainThread]: Command `dbt init` succeeded at 23:26:54.361258 after 8.85 seconds
[0m23:26:54.361258 [debug] [MainThread]: Sending event: {'category': 'dbt', 'action': 'invocation', 'label': 'end', 'context': [<snowplow_tracker.self_describing_json.SelfDescribingJson object at 0x0000020F53EC2960>, <snowplow_tracker.self_describing_json.SelfDescribingJson object at 0x0000020F54049A90>, <snowplow_tracker.self_describing_json.SelfDescribingJson object at 0x0000020F53B411F0>]}
[0m23:26:54.361258 [debug] [MainThread]: Flushing usage events
[0m23:27:10.513243 [debug] [MainThread]: Sending event: {'category': 'dbt', 'action': 'invocation', 'label': 'start', 'context': [<snowplow_tracker.self_describing_json.SelfDescribingJson object at 0x000001EBA8349B50>, <snowplow_tracker.self_describing_json.SelfDescribingJson object at 0x000001EBAAD26DB0>, <snowplow_tracker.self_describing_json.SelfDescribingJson object at 0x000001EBAAD26B70>]}


============================== 23:27:10.519257 | 9a0fb08e-5f96-4af9-9122-4a9d00dba0a9 ==============================
[0m23:27:10.519257 [info ] [MainThread]: Running with dbt=1.8.8
[0m23:27:10.519257 [debug] [MainThread]: running dbt with arguments {'printer_width': '80', 'indirect_selection': 'eager', 'log_cache_events': 'False', 'write_json': 'True', 'partial_parse': 'True', 'cache_selected_only': 'False', 'profiles_dir': 'C:\\Users\\user\\.dbt', 'debug': 'False', 'fail_fast': 'False', 'log_path': 'C:\\Users\\user\\Desktop\\dbt2\\lizi-dbt\\logs', 'version_check': 'True', 'warn_error': 'None', 'use_colors': 'True', 'use_experimental_parser': 'False', 'no_print': 'None', 'quiet': 'False', 'empty': 'None', 'log_format': 'default', 'introspect': 'True', 'warn_error_options': 'WarnErrorOptions(include=[], exclude=[])', 'invocation_command': 'dbt debug', 'target_path': 'None', 'static_parser': 'True', 'send_anonymous_usage_stats': 'True'}
[0m23:27:10.544920 [info ] [MainThread]: dbt version: 1.8.8
[0m23:27:10.544920 [info ] [MainThread]: python version: 3.12.2
[0m23:27:10.544920 [info ] [MainThread]: python path: C:\Users\user\Desktop\dbt2\lizi-dbt\.venv\Scripts\python.exe
[0m23:27:10.544920 [info ] [MainThread]: os info: Windows-11-10.0.22631-SP0
[0m23:27:10.742926 [info ] [MainThread]: Using profiles dir at C:\Users\user\.dbt
[0m23:27:10.742926 [info ] [MainThread]: Using profiles.yml file at C:\Users\user\.dbt\profiles.yml
[0m23:27:10.742926 [info ] [MainThread]: Using dbt_project.yml file at C:\Users\user\Desktop\dbt2\lizi-dbt\dbt_project.yml
[0m23:27:10.742926 [info ] [MainThread]: adapter type: duckdb
[0m23:27:10.742926 [info ] [MainThread]: adapter version: 1.9.0
[0m23:27:10.862186 [info ] [MainThread]: Configuration:
[0m23:27:10.862186 [info ] [MainThread]:   profiles.yml file [[32mOK found and valid[0m]
[0m23:27:10.862186 [info ] [MainThread]:   dbt_project.yml file [[32mOK found and valid[0m]
[0m23:27:10.862186 [info ] [MainThread]: Required dependencies:
[0m23:27:10.862186 [debug] [MainThread]: Executing "git --help"
[0m23:27:10.909055 [debug] [MainThread]: STDOUT: "b"usage: git [-v | --version] [-h | --help] [-C <path>] [-c <name>=<value>]\n           [--exec-path[=<path>]] [--html-path] [--man-path] [--info-path]\n           [-p | --paginate | -P | --no-pager] [--no-replace-objects] [--no-lazy-fetch]\n           [--no-optional-locks] [--no-advice] [--bare] [--git-dir=<path>]\n           [--work-tree=<path>] [--namespace=<name>] [--config-env=<name>=<envvar>]\n           <command> [<args>]\n\nThese are common Git commands used in various situations:\n\nstart a working area (see also: git help tutorial)\n   clone      Clone a repository into a new directory\n   init       Create an empty Git repository or reinitialize an existing one\n\nwork on the current change (see also: git help everyday)\n   add        Add file contents to the index\n   mv         Move or rename a file, a directory, or a symlink\n   restore    Restore working tree files\n   rm         Remove files from the working tree and from the index\n\nexamine the history and state (see also: git help revisions)\n   bisect     Use binary search to find the commit that introduced a bug\n   diff       Show changes between commits, commit and working tree, etc\n   grep       Print lines matching a pattern\n   log        Show commit logs\n   show       Show various types of objects\n   status     Show the working tree status\n\ngrow, mark and tweak your common history\n   backfill   Download missing objects in a partial clone\n   branch     List, create, or delete branches\n   commit     Record changes to the repository\n   merge      Join two or more development histories together\n   rebase     Reapply commits on top of another base tip\n   reset      Reset current HEAD to the specified state\n   switch     Switch branches\n   tag        Create, list, delete or verify a tag object signed with GPG\n\ncollaborate (see also: git help workflows)\n   fetch      Download objects and refs from another repository\n   pull       Fetch from and integrate with another repository or a local branch\n   push       Update remote refs along with associated objects\n\n'git help -a' and 'git help -g' list available subcommands and some\nconcept guides. See 'git help <command>' or 'git help <concept>'\nto read about a specific subcommand or concept.\nSee 'git help git' for an overview of the system.\n""
[0m23:27:10.909055 [debug] [MainThread]: STDERR: "b''"
[0m23:27:10.909055 [info ] [MainThread]:  - git [[32mOK found[0m]

[0m23:27:10.909055 [info ] [MainThread]: Connection:
[0m23:27:10.909055 [info ] [MainThread]:   database: dev
[0m23:27:10.909055 [info ] [MainThread]:   schema: main
[0m23:27:10.909055 [info ] [MainThread]:   path: dev.duckdb
[0m23:27:10.909055 [info ] [MainThread]:   config_options: None
[0m23:27:10.920070 [info ] [MainThread]:   extensions: None
[0m23:27:10.920070 [info ] [MainThread]:   settings: {}
[0m23:27:10.920070 [info ] [MainThread]:   external_root: .
[0m23:27:10.920070 [info ] [MainThread]:   use_credential_provider: None
[0m23:27:10.925885 [info ] [MainThread]:   attach: None
[0m23:27:10.927805 [info ] [MainThread]:   filesystems: None
[0m23:27:10.928613 [info ] [MainThread]:   remote: None
[0m23:27:10.928613 [info ] [MainThread]:   plugins: None
[0m23:27:10.928613 [info ] [MainThread]:   disable_transactions: False
[0m23:27:10.928613 [info ] [MainThread]: Registered adapter: duckdb=1.9.0
[0m23:27:10.933152 [debug] [MainThread]: Acquiring new duckdb connection 'debug'
[0m23:27:10.989393 [debug] [MainThread]: Using duckdb connection "debug"
[0m23:27:10.989393 [debug] [MainThread]: On debug: select 1 as id
[0m23:27:10.989393 [debug] [MainThread]: Opening a new connection, currently in state init
[0m23:27:11.005034 [debug] [MainThread]: SQL status: OK in 0.016 seconds
[0m23:27:11.005034 [debug] [MainThread]: On debug: Close
[0m23:27:11.020054 [info ] [MainThread]:   Connection test: [[32mOK connection ok[0m]

[0m23:27:11.021069 [info ] [MainThread]: [32mAll checks passed![0m
[0m23:27:11.021069 [debug] [MainThread]: Command `dbt debug` succeeded at 23:27:11.021069 after 0.68 seconds
[0m23:27:11.021069 [debug] [MainThread]: Connection 'debug' was properly closed.
[0m23:27:11.021069 [debug] [MainThread]: Sending event: {'category': 'dbt', 'action': 'invocation', 'label': 'end', 'context': [<snowplow_tracker.self_describing_json.SelfDescribingJson object at 0x000001EBA8349B50>, <snowplow_tracker.self_describing_json.SelfDescribingJson object at 0x000001EBAC4786B0>, <snowplow_tracker.self_describing_json.SelfDescribingJson object at 0x000001EBAA9C57C0>]}
[0m23:27:11.021069 [debug] [MainThread]: Flushing usage events
[0m23:27:21.711504 [debug] [MainThread]: Sending event: {'category': 'dbt', 'action': 'invocation', 'label': 'start', 'context': [<snowplow_tracker.self_describing_json.SelfDescribingJson object at 0x00000288CEE8D130>, <snowplow_tracker.self_describing_json.SelfDescribingJson object at 0x00000288CF2D7A70>, <snowplow_tracker.self_describing_json.SelfDescribingJson object at 0x00000288CF2D58E0>]}


============================== 23:27:21.719882 | e2088461-449a-4a2b-a717-ecdb4f5a8ee0 ==============================
[0m23:27:21.719882 [info ] [MainThread]: Running with dbt=1.8.8
[0m23:27:21.719882 [debug] [MainThread]: running dbt with arguments {'printer_width': '80', 'indirect_selection': 'eager', 'write_json': 'True', 'log_cache_events': 'False', 'partial_parse': 'True', 'cache_selected_only': 'False', 'profiles_dir': 'C:\\Users\\user\\.dbt', 'debug': 'False', 'fail_fast': 'False', 'log_path': 'C:\\Users\\user\\Desktop\\dbt2\\lizi-dbt\\logs', 'version_check': 'True', 'warn_error': 'None', 'use_colors': 'True', 'use_experimental_parser': 'False', 'empty': 'None', 'quiet': 'False', 'no_print': 'None', 'log_format': 'default', 'static_parser': 'True', 'invocation_command': 'dbt docs generate', 'warn_error_options': 'WarnErrorOptions(include=[], exclude=[])', 'target_path': 'None', 'introspect': 'True', 'send_anonymous_usage_stats': 'True'}
[0m23:27:22.190404 [debug] [MainThread]: Sending event: {'category': 'dbt', 'action': 'project_id', 'label': 'e2088461-449a-4a2b-a717-ecdb4f5a8ee0', 'context': [<snowplow_tracker.self_describing_json.SelfDescribingJson object at 0x00000288CF7DFD10>]}
[0m23:27:22.260693 [debug] [MainThread]: Sending event: {'category': 'dbt', 'action': 'adapter_info', 'label': 'e2088461-449a-4a2b-a717-ecdb4f5a8ee0', 'context': [<snowplow_tracker.self_describing_json.SelfDescribingJson object at 0x00000288CF720AA0>]}
[0m23:27:22.260693 [info ] [MainThread]: Registered adapter: duckdb=1.9.0
[0m23:27:22.284563 [debug] [MainThread]: checksum: ec53e341a936509427e16df1c646386a84befec52c1957e3f4359fbc36fc93f5, vars: {}, profile: , target: , version: 1.8.8
[0m23:27:22.373687 [info ] [MainThread]: Unable to do partial parsing because a project config has changed
[0m23:27:22.379202 [debug] [MainThread]: Sending event: {'category': 'dbt', 'action': 'partial_parser', 'label': 'e2088461-449a-4a2b-a717-ecdb4f5a8ee0', 'context': [<snowplow_tracker.self_describing_json.SelfDescribingJson object at 0x00000288D0A91970>]}
[0m23:27:23.486478 [warn ] [MainThread]: [[33mWARNING[0m]: Configuration paths exist in your dbt_project.yml file which do not apply to any resources.
There are 1 unused configuration paths:
- models.lizi_dbt_project.example
[0m23:27:23.486478 [debug] [MainThread]: Sending event: {'category': 'dbt', 'action': 'load_project', 'label': 'e2088461-449a-4a2b-a717-ecdb4f5a8ee0', 'context': [<snowplow_tracker.self_describing_json.SelfDescribingJson object at 0x00000288D09AFD70>]}
[0m23:27:23.530812 [debug] [MainThread]: Sending event: {'category': 'dbt', 'action': 'resource_counts', 'label': 'e2088461-449a-4a2b-a717-ecdb4f5a8ee0', 'context': [<snowplow_tracker.self_describing_json.SelfDescribingJson object at 0x00000288CF98EAB0>]}
[0m23:27:23.534422 [info ] [MainThread]: Found 416 macros
[0m23:27:23.534422 [debug] [MainThread]: Sending event: {'category': 'dbt', 'action': 'runnable_timing', 'label': 'e2088461-449a-4a2b-a717-ecdb4f5a8ee0', 'context': [<snowplow_tracker.self_describing_json.SelfDescribingJson object at 0x00000288D0AB8500>]}
[0m23:27:23.534422 [info ] [MainThread]: 
[0m23:27:23.534422 [warn ] [MainThread]: Nothing to do. Try checking your model configs and model specification args
[0m23:27:23.534422 [debug] [MainThread]: Command end result
[0m23:27:23.606033 [debug] [MainThread]: Acquiring new duckdb connection 'generate_catalog'
[0m23:27:23.606033 [info ] [MainThread]: Building catalog
[0m23:27:23.748907 [info ] [MainThread]: Catalog written to C:\Users\user\Desktop\dbt2\lizi-dbt\target\catalog.json
[0m23:27:23.748907 [debug] [MainThread]: Command `dbt docs generate` succeeded at 23:27:23.748907 after 2.28 seconds
[0m23:27:23.748907 [debug] [MainThread]: Connection 'generate_catalog' was properly closed.
[0m23:27:23.756929 [debug] [MainThread]: Sending event: {'category': 'dbt', 'action': 'invocation', 'label': 'end', 'context': [<snowplow_tracker.self_describing_json.SelfDescribingJson object at 0x00000288CF98E540>, <snowplow_tracker.self_describing_json.SelfDescribingJson object at 0x00000288CEBF2840>, <snowplow_tracker.self_describing_json.SelfDescribingJson object at 0x00000288CEBF27E0>]}
[0m23:27:23.756929 [debug] [MainThread]: Flushing usage events
[0m23:27:32.980233 [debug] [MainThread]: Sending event: {'category': 'dbt', 'action': 'invocation', 'label': 'start', 'context': [<snowplow_tracker.self_describing_json.SelfDescribingJson object at 0x000001B0CFCDCB30>, <snowplow_tracker.self_describing_json.SelfDescribingJson object at 0x000001B0CF4BE7E0>, <snowplow_tracker.self_describing_json.SelfDescribingJson object at 0x000001B0CF421DF0>]}


============================== 23:27:32.986953 | 569a3ad1-d824-4b55-8ae0-de793df9b54c ==============================
[0m23:27:32.986953 [info ] [MainThread]: Running with dbt=1.8.8
[0m23:27:32.986953 [debug] [MainThread]: running dbt with arguments {'printer_width': '80', 'indirect_selection': 'eager', 'log_cache_events': 'False', 'write_json': 'True', 'partial_parse': 'True', 'cache_selected_only': 'False', 'profiles_dir': 'C:\\Users\\user\\.dbt', 'fail_fast': 'False', 'debug': 'False', 'log_path': 'C:\\Users\\user\\Desktop\\dbt2\\lizi-dbt\\logs', 'version_check': 'True', 'warn_error': 'None', 'use_colors': 'True', 'use_experimental_parser': 'False', 'empty': 'None', 'quiet': 'False', 'no_print': 'None', 'log_format': 'default', 'introspect': 'True', 'invocation_command': 'dbt docs serve', 'static_parser': 'True', 'target_path': 'None', 'warn_error_options': 'WarnErrorOptions(include=[], exclude=[])', 'send_anonymous_usage_stats': 'True'}
[0m23:27:33.319901 [debug] [MainThread]: Sending event: {'category': 'dbt', 'action': 'project_id', 'label': '569a3ad1-d824-4b55-8ae0-de793df9b54c', 'context': [<snowplow_tracker.self_describing_json.SelfDescribingJson object at 0x000001B0CFFE9880>]}
[0m23:27:33.397903 [debug] [MainThread]: Sending event: {'category': 'dbt', 'action': 'adapter_info', 'label': '569a3ad1-d824-4b55-8ae0-de793df9b54c', 'context': [<snowplow_tracker.self_describing_json.SelfDescribingJson object at 0x000001B0CDA1BCB0>]}
[0m23:27:44.824066 [error] [MainThread]: Encountered an error:

[0m23:27:44.828139 [error] [MainThread]: Traceback (most recent call last):
  File "C:\Users\user\Desktop\dbt2\lizi-dbt\.venv\Lib\site-packages\dbt\cli\requires.py", line 138, in wrapper
    result, success = func(*args, **kwargs)
                      ^^^^^^^^^^^^^^^^^^^^^
  File "C:\Users\user\Desktop\dbt2\lizi-dbt\.venv\Lib\site-packages\dbt\cli\requires.py", line 101, in wrapper
    return func(*args, **kwargs)
           ^^^^^^^^^^^^^^^^^^^^^
  File "C:\Users\user\Desktop\dbt2\lizi-dbt\.venv\Lib\site-packages\dbt\cli\requires.py", line 218, in wrapper
    return func(*args, **kwargs)
           ^^^^^^^^^^^^^^^^^^^^^
  File "C:\Users\user\Desktop\dbt2\lizi-dbt\.venv\Lib\site-packages\dbt\cli\requires.py", line 247, in wrapper
    return func(*args, **kwargs)
           ^^^^^^^^^^^^^^^^^^^^^
  File "C:\Users\user\Desktop\dbt2\lizi-dbt\.venv\Lib\site-packages\dbt\cli\requires.py", line 294, in wrapper
    return func(*args, **kwargs)
           ^^^^^^^^^^^^^^^^^^^^^
  File "C:\Users\user\Desktop\dbt2\lizi-dbt\.venv\Lib\site-packages\dbt\cli\main.py", line 303, in docs_serve
    results = task.run()
              ^^^^^^^^^^
  File "C:\Users\user\Desktop\dbt2\lizi-dbt\.venv\Lib\site-packages\dbt\task\docs\serve.py", line 29, in run
    httpd.serve_forever()
  File "C:\Users\user\AppData\Local\Programs\Python\Python312\Lib\socketserver.py", line 235, in serve_forever
    ready = selector.select(poll_interval)
            ^^^^^^^^^^^^^^^^^^^^^^^^^^^^^^
  File "C:\Users\user\AppData\Local\Programs\Python\Python312\Lib\selectors.py", line 323, in select
    r, w, _ = self._select(self._readers, self._writers, [], timeout)
              ^^^^^^^^^^^^^^^^^^^^^^^^^^^^^^^^^^^^^^^^^^^^^^^^^^^^^^^
  File "C:\Users\user\AppData\Local\Programs\Python\Python312\Lib\selectors.py", line 314, in _select
    r, w, x = select.select(r, w, w, timeout)
              ^^^^^^^^^^^^^^^^^^^^^^^^^^^^^^^
KeyboardInterrupt

[0m23:27:44.832151 [debug] [MainThread]: Command `dbt docs serve` failed at 23:27:44.832151 after 12.06 seconds
[0m23:27:44.832151 [debug] [MainThread]: Sending event: {'category': 'dbt', 'action': 'invocation', 'label': 'end', 'context': [<snowplow_tracker.self_describing_json.SelfDescribingJson object at 0x000001B0CF163BC0>, <snowplow_tracker.self_describing_json.SelfDescribingJson object at 0x000001B0CFF33410>, <snowplow_tracker.self_describing_json.SelfDescribingJson object at 0x000001B0CFDA5C40>]}
[0m23:27:44.832151 [debug] [MainThread]: Flushing usage events
[0m23:30:09.948411 [debug] [MainThread]: Sending event: {'category': 'dbt', 'action': 'invocation', 'label': 'start', 'context': [<snowplow_tracker.self_describing_json.SelfDescribingJson object at 0x000002424F181DF0>, <snowplow_tracker.self_describing_json.SelfDescribingJson object at 0x0000024251379E20>, <snowplow_tracker.self_describing_json.SelfDescribingJson object at 0x000002425137B620>]}


============================== 23:30:09.948411 | aeb64a1c-8d1b-4d56-ba66-2506880269c8 ==============================
[0m23:30:09.948411 [info ] [MainThread]: Running with dbt=1.8.8
[0m23:30:09.948411 [debug] [MainThread]: running dbt with arguments {'printer_width': '80', 'indirect_selection': 'eager', 'write_json': 'True', 'log_cache_events': 'False', 'partial_parse': 'True', 'cache_selected_only': 'False', 'profiles_dir': 'C:\\Users\\user\\.dbt', 'debug': 'False', 'warn_error': 'None', 'log_path': 'C:\\Users\\user\\Desktop\\dbt2\\lizi-dbt\\logs', 'version_check': 'True', 'fail_fast': 'False', 'use_colors': 'True', 'use_experimental_parser': 'False', 'empty': 'None', 'quiet': 'False', 'no_print': 'None', 'log_format': 'default', 'introspect': 'True', 'invocation_command': 'dbt debug', 'static_parser': 'True', 'target_path': 'None', 'warn_error_options': 'WarnErrorOptions(include=[], exclude=[])', 'send_anonymous_usage_stats': 'True'}
[0m23:30:09.990092 [info ] [MainThread]: dbt version: 1.8.8
[0m23:30:09.990092 [info ] [MainThread]: python version: 3.12.2
[0m23:30:09.990092 [info ] [MainThread]: python path: C:\Users\user\Desktop\dbt2\lizi-dbt\.venv\Scripts\python.exe
[0m23:30:09.990092 [info ] [MainThread]: os info: Windows-11-10.0.22631-SP0
[0m23:30:10.283129 [info ] [MainThread]: Using profiles dir at C:\Users\user\.dbt
[0m23:30:10.283892 [info ] [MainThread]: Using profiles.yml file at C:\Users\user\.dbt\profiles.yml
[0m23:30:10.283892 [info ] [MainThread]: Using dbt_project.yml file at C:\Users\user\Desktop\dbt2\lizi-dbt\dbt_project.yml
[0m23:30:10.291404 [info ] [MainThread]: adapter type: duckdb
[0m23:30:10.291404 [info ] [MainThread]: adapter version: 1.9.0
[0m23:30:10.446859 [info ] [MainThread]: Configuration:
[0m23:30:10.447730 [info ] [MainThread]:   profiles.yml file [[32mOK found and valid[0m]
[0m23:30:10.449200 [info ] [MainThread]:   dbt_project.yml file [[32mOK found and valid[0m]
[0m23:30:10.450226 [info ] [MainThread]: Required dependencies:
[0m23:30:10.450226 [debug] [MainThread]: Executing "git --help"
[0m23:30:10.542914 [debug] [MainThread]: STDOUT: "b"usage: git [-v | --version] [-h | --help] [-C <path>] [-c <name>=<value>]\n           [--exec-path[=<path>]] [--html-path] [--man-path] [--info-path]\n           [-p | --paginate | -P | --no-pager] [--no-replace-objects] [--no-lazy-fetch]\n           [--no-optional-locks] [--no-advice] [--bare] [--git-dir=<path>]\n           [--work-tree=<path>] [--namespace=<name>] [--config-env=<name>=<envvar>]\n           <command> [<args>]\n\nThese are common Git commands used in various situations:\n\nstart a working area (see also: git help tutorial)\n   clone      Clone a repository into a new directory\n   init       Create an empty Git repository or reinitialize an existing one\n\nwork on the current change (see also: git help everyday)\n   add        Add file contents to the index\n   mv         Move or rename a file, a directory, or a symlink\n   restore    Restore working tree files\n   rm         Remove files from the working tree and from the index\n\nexamine the history and state (see also: git help revisions)\n   bisect     Use binary search to find the commit that introduced a bug\n   diff       Show changes between commits, commit and working tree, etc\n   grep       Print lines matching a pattern\n   log        Show commit logs\n   show       Show various types of objects\n   status     Show the working tree status\n\ngrow, mark and tweak your common history\n   backfill   Download missing objects in a partial clone\n   branch     List, create, or delete branches\n   commit     Record changes to the repository\n   merge      Join two or more development histories together\n   rebase     Reapply commits on top of another base tip\n   reset      Reset current HEAD to the specified state\n   switch     Switch branches\n   tag        Create, list, delete or verify a tag object signed with GPG\n\ncollaborate (see also: git help workflows)\n   fetch      Download objects and refs from another repository\n   pull       Fetch from and integrate with another repository or a local branch\n   push       Update remote refs along with associated objects\n\n'git help -a' and 'git help -g' list available subcommands and some\nconcept guides. See 'git help <command>' or 'git help <concept>'\nto read about a specific subcommand or concept.\nSee 'git help git' for an overview of the system.\n""
[0m23:30:10.542914 [debug] [MainThread]: STDERR: "b''"
[0m23:30:10.542914 [info ] [MainThread]:  - git [[32mOK found[0m]

[0m23:30:10.542914 [info ] [MainThread]: Connection:
[0m23:30:10.542914 [info ] [MainThread]:   database: dev
[0m23:30:10.542914 [info ] [MainThread]:   schema: main
[0m23:30:10.542914 [info ] [MainThread]:   path: dev.duckdb
[0m23:30:10.553926 [info ] [MainThread]:   config_options: None
[0m23:30:10.553926 [info ] [MainThread]:   extensions: None
[0m23:30:10.553926 [info ] [MainThread]:   settings: {}
[0m23:30:10.553926 [info ] [MainThread]:   external_root: .
[0m23:30:10.553926 [info ] [MainThread]:   use_credential_provider: None
[0m23:30:10.553926 [info ] [MainThread]:   attach: None
[0m23:30:10.553926 [info ] [MainThread]:   filesystems: None
[0m23:30:10.553926 [info ] [MainThread]:   remote: None
[0m23:30:10.553926 [info ] [MainThread]:   plugins: None
[0m23:30:10.553926 [info ] [MainThread]:   disable_transactions: False
[0m23:30:10.553926 [info ] [MainThread]: Registered adapter: duckdb=1.9.0
[0m23:30:10.553926 [debug] [MainThread]: Acquiring new duckdb connection 'debug'
[0m23:30:10.626315 [debug] [MainThread]: Using duckdb connection "debug"
[0m23:30:10.626315 [debug] [MainThread]: On debug: select 1 as id
[0m23:30:10.626315 [debug] [MainThread]: Opening a new connection, currently in state init
[0m23:30:10.643363 [debug] [MainThread]: SQL status: OK in 0.018 seconds
[0m23:30:10.647425 [debug] [MainThread]: On debug: Close
[0m23:30:10.647425 [info ] [MainThread]:   Connection test: [[32mOK connection ok[0m]

[0m23:30:10.647425 [info ] [MainThread]: [32mAll checks passed![0m
[0m23:30:10.647425 [debug] [MainThread]: Command `dbt debug` succeeded at 23:30:10.647425 after 1.10 seconds
[0m23:30:10.647425 [debug] [MainThread]: Connection 'debug' was properly closed.
[0m23:30:10.647425 [debug] [MainThread]: Sending event: {'category': 'dbt', 'action': 'invocation', 'label': 'end', 'context': [<snowplow_tracker.self_describing_json.SelfDescribingJson object at 0x0000024251E6B290>, <snowplow_tracker.self_describing_json.SelfDescribingJson object at 0x000002425182EF90>, <snowplow_tracker.self_describing_json.SelfDescribingJson object at 0x00000242512F7980>]}
[0m23:30:10.647425 [debug] [MainThread]: Flushing usage events
[0m23:30:17.591975 [debug] [MainThread]: Sending event: {'category': 'dbt', 'action': 'invocation', 'label': 'start', 'context': [<snowplow_tracker.self_describing_json.SelfDescribingJson object at 0x000001609B2F2BD0>, <snowplow_tracker.self_describing_json.SelfDescribingJson object at 0x0000016097AF9100>, <snowplow_tracker.self_describing_json.SelfDescribingJson object at 0x0000016099007230>]}


============================== 23:30:17.597489 | 7543fca1-f5d2-4254-b8a7-6508c29a01d2 ==============================
[0m23:30:17.597489 [info ] [MainThread]: Running with dbt=1.8.8
[0m23:30:17.597489 [debug] [MainThread]: running dbt with arguments {'printer_width': '80', 'indirect_selection': 'eager', 'write_json': 'True', 'log_cache_events': 'False', 'partial_parse': 'True', 'cache_selected_only': 'False', 'profiles_dir': 'C:\\Users\\user\\.dbt', 'debug': 'False', 'version_check': 'True', 'log_path': 'C:\\Users\\user\\Desktop\\dbt2\\lizi-dbt\\logs', 'fail_fast': 'False', 'warn_error': 'None', 'use_colors': 'True', 'use_experimental_parser': 'False', 'empty': 'False', 'quiet': 'False', 'no_print': 'None', 'warn_error_options': 'WarnErrorOptions(include=[], exclude=[])', 'invocation_command': 'dbt run', 'log_format': 'default', 'introspect': 'True', 'target_path': 'None', 'static_parser': 'True', 'send_anonymous_usage_stats': 'True'}
[0m23:30:17.934182 [debug] [MainThread]: Sending event: {'category': 'dbt', 'action': 'project_id', 'label': '7543fca1-f5d2-4254-b8a7-6508c29a01d2', 'context': [<snowplow_tracker.self_describing_json.SelfDescribingJson object at 0x000001609B50B9B0>]}
[0m23:30:18.021964 [debug] [MainThread]: Sending event: {'category': 'dbt', 'action': 'adapter_info', 'label': '7543fca1-f5d2-4254-b8a7-6508c29a01d2', 'context': [<snowplow_tracker.self_describing_json.SelfDescribingJson object at 0x000001609AA47980>]}
[0m23:30:18.021964 [info ] [MainThread]: Registered adapter: duckdb=1.9.0
[0m23:30:18.037600 [debug] [MainThread]: checksum: ec53e341a936509427e16df1c646386a84befec52c1957e3f4359fbc36fc93f5, vars: {}, profile: , target: , version: 1.8.8
[0m23:30:18.159354 [debug] [MainThread]: Partial parsing enabled: 0 files deleted, 0 files added, 0 files changed.
[0m23:30:18.159354 [debug] [MainThread]: Partial parsing enabled, no changes found, skipping parsing
[0m23:30:18.159354 [warn ] [MainThread]: [[33mWARNING[0m]: Configuration paths exist in your dbt_project.yml file which do not apply to any resources.
There are 1 unused configuration paths:
- models.lizi_dbt_project.example
[0m23:30:18.159354 [debug] [MainThread]: Sending event: {'category': 'dbt', 'action': 'load_project', 'label': '7543fca1-f5d2-4254-b8a7-6508c29a01d2', 'context': [<snowplow_tracker.self_describing_json.SelfDescribingJson object at 0x000001609B68D670>]}
[0m23:30:18.250600 [debug] [MainThread]: Sending event: {'category': 'dbt', 'action': 'resource_counts', 'label': '7543fca1-f5d2-4254-b8a7-6508c29a01d2', 'context': [<snowplow_tracker.self_describing_json.SelfDescribingJson object at 0x000001609C908CB0>]}
[0m23:30:18.260532 [info ] [MainThread]: Found 416 macros
[0m23:30:18.260532 [debug] [MainThread]: Sending event: {'category': 'dbt', 'action': 'runnable_timing', 'label': '7543fca1-f5d2-4254-b8a7-6508c29a01d2', 'context': [<snowplow_tracker.self_describing_json.SelfDescribingJson object at 0x000001609B4FBC80>]}
[0m23:30:18.260532 [info ] [MainThread]: 
[0m23:30:18.266544 [warn ] [MainThread]: Nothing to do. Try checking your model configs and model specification args
[0m23:30:18.266544 [debug] [MainThread]: Command end result
[0m23:30:18.314579 [debug] [MainThread]: Command `dbt run` succeeded at 23:30:18.314579 after 0.89 seconds
[0m23:30:18.314579 [debug] [MainThread]: Sending event: {'category': 'dbt', 'action': 'invocation', 'label': 'end', 'context': [<snowplow_tracker.self_describing_json.SelfDescribingJson object at 0x0000016097AF9100>, <snowplow_tracker.self_describing_json.SelfDescribingJson object at 0x000001609AAC2930>, <snowplow_tracker.self_describing_json.SelfDescribingJson object at 0x000001609AA9BFB0>]}
[0m23:30:18.314579 [debug] [MainThread]: Flushing usage events
[0m23:31:47.558980 [debug] [MainThread]: Sending event: {'category': 'dbt', 'action': 'invocation', 'label': 'start', 'context': [<snowplow_tracker.self_describing_json.SelfDescribingJson object at 0x000002504FE81D90>, <snowplow_tracker.self_describing_json.SelfDescribingJson object at 0x000002504FE83AA0>, <snowplow_tracker.self_describing_json.SelfDescribingJson object at 0x0000025050634200>]}


============================== 23:31:47.558980 | c091dd98-132b-45a1-a2c8-68214e7bfe34 ==============================
[0m23:31:47.558980 [info ] [MainThread]: Running with dbt=1.8.8
[0m23:31:47.558980 [debug] [MainThread]: running dbt with arguments {'printer_width': '80', 'indirect_selection': 'eager', 'log_cache_events': 'False', 'write_json': 'True', 'partial_parse': 'True', 'cache_selected_only': 'False', 'profiles_dir': 'C:\\Users\\user\\.dbt', 'version_check': 'True', 'fail_fast': 'False', 'log_path': 'C:\\Users\\user\\Desktop\\dbt2\\lizi-dbt\\logs', 'warn_error': 'None', 'debug': 'False', 'use_colors': 'True', 'use_experimental_parser': 'False', 'empty': 'False', 'quiet': 'False', 'no_print': 'None', 'log_format': 'default', 'introspect': 'True', 'static_parser': 'True', 'invocation_command': 'dbt run', 'target_path': 'None', 'warn_error_options': 'WarnErrorOptions(include=[], exclude=[])', 'send_anonymous_usage_stats': 'True'}
[0m23:31:47.902794 [debug] [MainThread]: Sending event: {'category': 'dbt', 'action': 'project_id', 'label': 'c091dd98-132b-45a1-a2c8-68214e7bfe34', 'context': [<snowplow_tracker.self_describing_json.SelfDescribingJson object at 0x0000025050452F60>]}
[0m23:31:47.968063 [debug] [MainThread]: Sending event: {'category': 'dbt', 'action': 'adapter_info', 'label': 'c091dd98-132b-45a1-a2c8-68214e7bfe34', 'context': [<snowplow_tracker.self_describing_json.SelfDescribingJson object at 0x0000025050431520>]}
[0m23:31:47.973725 [info ] [MainThread]: Registered adapter: duckdb=1.9.0
[0m23:31:47.982272 [debug] [MainThread]: checksum: ec53e341a936509427e16df1c646386a84befec52c1957e3f4359fbc36fc93f5, vars: {}, profile: , target: , version: 1.8.8
[0m23:31:48.070096 [debug] [MainThread]: Partial parsing enabled: 0 files deleted, 0 files added, 0 files changed.
[0m23:31:48.070096 [debug] [MainThread]: Partial parsing enabled, no changes found, skipping parsing
[0m23:31:48.070096 [warn ] [MainThread]: [[33mWARNING[0m]: Configuration paths exist in your dbt_project.yml file which do not apply to any resources.
There are 1 unused configuration paths:
- models.lizi_dbt_project.example
[0m23:31:48.085719 [debug] [MainThread]: Sending event: {'category': 'dbt', 'action': 'load_project', 'label': 'c091dd98-132b-45a1-a2c8-68214e7bfe34', 'context': [<snowplow_tracker.self_describing_json.SelfDescribingJson object at 0x00000250507D8E90>]}
[0m23:31:48.166756 [debug] [MainThread]: Sending event: {'category': 'dbt', 'action': 'resource_counts', 'label': 'c091dd98-132b-45a1-a2c8-68214e7bfe34', 'context': [<snowplow_tracker.self_describing_json.SelfDescribingJson object at 0x0000025051BFC860>]}
[0m23:31:48.166756 [info ] [MainThread]: Found 416 macros
[0m23:31:48.174899 [debug] [MainThread]: Sending event: {'category': 'dbt', 'action': 'runnable_timing', 'label': 'c091dd98-132b-45a1-a2c8-68214e7bfe34', 'context': [<snowplow_tracker.self_describing_json.SelfDescribingJson object at 0x00000250509E1400>]}
[0m23:31:48.176911 [info ] [MainThread]: 
[0m23:31:48.176911 [warn ] [MainThread]: Nothing to do. Try checking your model configs and model specification args
[0m23:31:48.176911 [debug] [MainThread]: Command end result
[0m23:31:48.206849 [debug] [MainThread]: Command `dbt run` succeeded at 23:31:48.206849 after 0.86 seconds
[0m23:31:48.206849 [debug] [MainThread]: Sending event: {'category': 'dbt', 'action': 'invocation', 'label': 'end', 'context': [<snowplow_tracker.self_describing_json.SelfDescribingJson object at 0x00000250505D1880>, <snowplow_tracker.self_describing_json.SelfDescribingJson object at 0x00000250506927E0>, <snowplow_tracker.self_describing_json.SelfDescribingJson object at 0x000002504FC709E0>]}
[0m23:31:48.206849 [debug] [MainThread]: Flushing usage events
